Starting process: Module

Starting process: 

SCUBA, Version Diamond (64-bit) 3.13.0.56.2
Thu Oct 30 15:36:02 2025

Copyright (c) 1991-1994 by NeoCAD Inc. All rights reserved.
Copyright (c) 1995 AT&T Corp.   All rights reserved.
Copyright (c) 1995-2001 Lucent Technologies Inc.  All rights reserved.
Copyright (c) 2001 Agere Systems   All rights reserved.
Copyright (c) 2002-2023 Lattice Semiconductor Corporation,  All rights reserved.

BEGIN SCUBA Module Synthesis

    Issued command   : C:\lscc\diamond\3.13\ispfpga\bin\nt64\scuba.exe -w -n pll2 -lang verilog -synth synplify -arch xo3c00f -type pll -fin 133 -fclkop 99.75 -fclkop_tol 0.0 -trimp 0 -phasep 0 -trimp_r -phase_cntl STATIC -fb_mode 1 
    Circuit name     : pll2
    Module type      : pll
    Module Version   : 5.7
    Ports            : 
	Inputs       : CLKI
	Outputs      : CLKOP
    I/O buffer       : not inserted
    EDIF output      : pll2.edn
    Verilog output   : pll2.v
    Verilog template : pll2_tmpl.v
    Verilog purpose  : for synthesis and simulation
    Bus notation     : big endian
    Report output    : pll2.srp
    Estimated Resource Usage:

END   SCUBA Module Synthesis

File: pll2.lpc created.


End process: completed successfully.


Total Warnings:  0

Total Errors:  0


