Starting process: Module

Starting process: 

SCUBA, Version Diamond (64-bit) 3.13.0.56.2
Fri Oct 31 10:37:55 2025

Copyright (c) 1991-1994 by NeoCAD Inc. All rights reserved.
Copyright (c) 1995 AT&T Corp.   All rights reserved.
Copyright (c) 1995-2001 Lucent Technologies Inc.  All rights reserved.
Copyright (c) 2001 Agere Systems   All rights reserved.
Copyright (c) 2002-2023 Lattice Semiconductor Corporation,  All rights reserved.

BEGIN SCUBA Module Synthesis

    Issued command   : C:\lscc\diamond\3.13\ispfpga\bin\nt64\scuba.exe -w -n efb_i2c_prgrm -lang verilog -synth synplify -bus_exp 7 -bb -type efb -arch xo3c00f -freq 66.5 -i2c1config -i2c1_freq 100 -i2c1_sa 1000001 -i2c1_addr 7 -ufm -ufm_ebr 2045 -mem_size 1 -ufm_0 -wb -dev 6900 
    Circuit name     : efb_i2c_prgrm
    Module type      : efb
    Module Version   : 1.2
    Ports            : 
	Inputs       : wb_clk_i, wb_rst_i, wb_cyc_i, wb_stb_i, wb_we_i, wb_adr_i[7:0], wb_dat_i[7:0]
	Outputs      : wb_dat_o[7:0], wb_ack_o, i2c1_irqo, wbc_ufm_irq
	Inouts       : i2c1_scl, i2c1_sda
    I/O buffer       : not inserted
    EDIF output      : efb_i2c_prgrm.edn
    Verilog output   : efb_i2c_prgrm.v
    Verilog template : efb_i2c_prgrm_tmpl.v
    Verilog purpose  : for synthesis and simulation
    Bus notation     : big endian
    Report output    : efb_i2c_prgrm.srp
    Estimated Resource Usage:

END   SCUBA Module Synthesis

File: efb_i2c_prgrm.lpc created.


End process: completed successfully.


Total Warnings:  0

Total Errors:  0


